<?xml version="1.0" encoding="UTF-8"?>
<testng-results skipped="0" failed="0" ignored="0" total="1" passed="1">
  <reporter-output>
  </reporter-output>
  <suite name="Default suite" duration-ms="49687" started-at="2018-08-04T11:03:35Z" finished-at="2018-08-04T11:04:24Z">
    <groups>
    </groups>
    <test name="Default test" duration-ms="49687" started-at="2018-08-04T11:03:35Z" finished-at="2018-08-04T11:04:24Z">
      <class name="tests.BelaviaTest">
        <test-method status="PASS" signature="initDriver()[pri:0, instance:tests.BelaviaTest@548a9f61]" name="initDriver" is-config="true" duration-ms="5104" started-at="2018-08-04T14:03:35Z" description="Init browser" finished-at="2018-08-04T14:03:40Z">
          <reporter-output>
          </reporter-output>
        </test-method> <!-- initDriver -->
        <test-method status="PASS" signature="oneWayTicket()[pri:0, instance:tests.BelaviaTest@548a9f61]" name="oneWayTicket" duration-ms="44547" started-at="2018-08-04T14:03:40Z" finished-at="2018-08-04T14:04:24Z">
          <reporter-output>
          </reporter-output>
        </test-method> <!-- oneWayTicket -->
      </class> <!-- tests.BelaviaTest -->
    </test> <!-- Default test -->
  </suite> <!-- Default suite -->
</testng-results>
